memory profiling: sample.interval=20000
:2561784:12392813:176261120:97:
:2561784:12392813:176261120:0:
:2561784:12392813:176261120:0:
:2561784:12392813:176261176:0:
:2561784:12392813:176261176:0:
:2561830:12392813:176277752:5:
:2561925:12392917:176311968:10:
:2562070:12393073:176363208:15:
:2562213:12393229:176414448:15:
:2562355:12393385:176465688:15:
:2562449:12393489:176499736:10:
:2562590:12393645:176550808:15:
:2562735:12393801:176601992:15:
:2562735:12393801:176601992:0:
:2562735:12393801:176601992:0:
:2562735:12393801:176602048:0:
:2562735:12393801:176602048:0:
:2562735:12393801:176602160:0:
:2562830:12393905:176636376:10:
:2562971:12394061:176687448:15:
:2563065:12394165:176721440:10:
:2563163:12394269:176755712:10:
:2563257:12394373:176789760:10:
:2601253:12408939:185966984:3360:"make.codeBuf" "genCode" "cb$putconst" "cmpCallArgs" "cmpCallSymFun" "cmpCall" "cmp" "cmpSymbolAssign" "h" "tryInline" "cmpCall" "cmp" "h" "tryInline" "cmpCall" "cmp" "cmpForBody" "h" "tryInline" "cmpCall" "cmp" "h" "tryInline" "cmpCall" "cmp" "h" "tryInline" "cmpCall" "cmp" "h" "tryInline" "cmpCall" "cmp" "cmpForBody" "h" "tryInline" "cmpCall" "cmp" "h" "tryInline" "cmpCall" "cmp" "cmpForBody" "h" "tryInline" "cmpCall" "cmp" "h" "tryInline" "cmpCall" "cmp" "cmpForBody" "h" "tryInline" "cmpCall" "cmp" "genCode" "compile" "doTryCatch" "tryCatchOne" "tryCatchList" "tryCatch" "compiler:::tryCompile" 
:2626438:16777499:192724056:2247:
:2627526:16975305:192868312:58:"forward_convolve" 
:2629166:17349530:193102112:85:"forward_convolve" 
:2562357:16833145:176111656:120:"fft" "fft" "convolve" "forward_convolve" 
:2563765:17173199:176310904:73:"forward_convolve" 
:2564962:17469892:176495368:68:"fft" "convolve" "forward_convolve" 
:2564962:17469892:176495368:0:"fft" "convolve" "forward_convolve" 
:2564962:17469892:176495368:0:"fft" "convolve" "forward_convolve" 
:2564962:17469892:176495368:0:"fft" "convolve" "forward_convolve" 
:2564962:17469892:176495368:0:"fft" "convolve" "forward_convolve" 
:2564962:17469892:176495368:0:"fft" "convolve" "forward_convolve" 
:2564962:17469892:176495368:0:"fft" "convolve" "forward_convolve" 
:2564962:17469892:176495368:0:"fft" "convolve" "forward_convolve" 
:2564962:17469892:176495368:0:"fft" "convolve" "forward_convolve" 
:2564962:17469892:176495368:0:"fft" "convolve" "forward_convolve" 
:2564962:17469892:176495368:0:"fft" "convolve" "forward_convolve" 
:2564962:17469892:176495368:0:"fft" "convolve" "forward_convolve" 
:2564962:17469892:176495368:0:"fft" "convolve" "forward_convolve" 
:2564962:17469892:176495368:0:"fft" "convolve" "forward_convolve" 
:2564962:17469892:176495368:0:"fft" "convolve" "forward_convolve" 
:2564962:17469892:176495368:0:"fft" "convolve" "forward_convolve" 
:2564962:17469892:176495368:0:"fft" "convolve" "forward_convolve" 
:2564962:17469892:176495368:0:"fft" "convolve" "forward_convolve" 
:2564962:17469892:176495368:0:"fft" "convolve" "forward_convolve" 
:2564962:17469892:176495368:0:"fft" "convolve" "forward_convolve" 
:2564962:17469892:176495368:0:"fft" "convolve" "forward_convolve" 
:2564962:17469892:176495368:0:"fft" "convolve" "forward_convolve" 
:2564962:13503892:176495368:0:"fft" "convolve" "forward_convolve" 
:2560142:12426501:175825944:0:"fft" "convolve" "forward_convolve" 
:2565794:13794618:176648640:301:"fft" "convolve" "forward_convolve" 
:2570686:15036228:177368296:257:"forward_convolve" 
:2573841:15790249:177832928:171:"fft" "fft" "convolve" "forward_convolve" 
:2581415:17750096:178954720:402:"fft" "convolve" "forward_convolve" 
:2590470:20125192:180308856:485:"rbind" 
:2595927:21525875:181122480:294:"forward_convolve" 
:2569383:14871225:177202088:490:"fft" "fft" "convolve" "forward_convolve" 
:2579263:17510980:178690736:533:"fft" "convolve" "forward_convolve" 
:2589586:20119399:180213600:551:"fft" "convolve" "forward_convolve" 
:2561320:12731109:175989464:344:"convolve" "forward_convolve" 
:2568450:14592154:177052624:383:"fft" "convolve" "forward_convolve" 
:2577615:16966715:178411016:485:"forward_convolve" 
:2587501:19576907:179904648:534:"convolve" "forward_convolve" 
:2594901:21526186:181008184:394:"fft" "fft" "convolve" "forward_convolve" 
:2569007:14800713:177144240:474:"eval" "match.arg" "convolve" "forward_convolve" 
:2576719:16780199:178284960:411:"fft" "convolve" "forward_convolve" 
:2586373:19251776:179718336:515:"match.arg" "convolve" "forward_convolve" 
:2560618:12641161:175887488:479:"match.arg" "convolve" "forward_convolve" 
:2562148:13083910:176128344:83:"fft" "fft" "convolve" "forward_convolve" 
:2576529:16387899:178213896:803:"convolve" "forward_convolve" 
:2587083:19020586:179764256:562:"fft" "convolve" "forward_convolve" 
:2596602:21525280:181191808:510:"Re" "convolve" "forward_convolve" 
:2564351:13631705:176443120:219:"convolve" "forward_convolve" 
:2574027:16164450:177884728:515:"fft" "convolve" "forward_convolve" 
:2585434:19150929:179594968:615:"fft" "fft" "convolve" "forward_convolve" 
:2595083:21527360:181033048:554:"convolve" "forward_convolve" 
:2572336:15468933:177575104:637:"forward_convolve" 
:2584142:18539471:179337424:631:"convolve" "forward_convolve" 
:2594603:21102492:180886272:595:"forward_convolve" 
:2563217:13316214:176233568:246:"forward_convolve" 
:2567603:14344477:176871576:234:"fft" "convolve" "forward_convolve" 
:2574044:15938017:177812600:341:"fft" "convolve" "forward_convolve" 
:2581570:17874982:178935232:404:"fft" "fft" "convolve" "forward_convolve" 
:2583940:18527996:179297104:132:"forward_convolve" 
:2590457:20226984:180272792:346:"match.arg" "convolve" "forward_convolve" 
:2560629:12790535:175874664:285:"convolve" "forward_convolve" 
:2568820:14938736:177102576:439:"fft" "fft" "convolve" "forward_convolve" 
:2575655:16716360:178119144:366:"fft" "fft" "convolve" "forward_convolve" 
:2580394:17934097:178819872:253:"forward_convolve" 
:2588814:20104965:180076120:451:"convolve" "forward_convolve" 
:2561612:13037960:176011808:346:"fft" "fft" "convolve" "forward_convolve" 
:2571543:15668650:177503536:533:"fft" "convolve" "forward_convolve" 
:2583208:18675095:179237072:623:"fft" "fft" "convolve" "forward_convolve" 
:2593549:21394268:180788160:556:"fft" "fft" "convolve" "forward_convolve" 
:2569194:14838921:177178288:514:"fft" "convolve" "forward_convolve" 
:2583649:18289896:179293296:804:"rbind" 
:2596653:21525765:181208552:694:"Re" "convolve" "forward_convolve" 
:2573161:15821074:177750104:693:"fft" "convolve" "forward_convolve" 
:2587290:19498848:179855760:756:"fft" "fft" "convolve" "forward_convolve" 
:2560894:12710785:175921480:538:"fft" "fft" "convolve" "forward_convolve" 
:2573685:15871378:177801512:681:"fft" "convolve" "forward_convolve" 
:2587641:19467460:179878720:747:"fft" "fft" "convolve" "forward_convolve" 
:2564021:13503256:176373904:613:"fft" "fft" "convolve" "forward_convolve" 
:2577233:16960670:178350648:709:"fft" "fft" "convolve" "forward_convolve" 
:2590448:20456261:180332040:711:
:2567714:14572557:176938608:619:"forward_convolve" 
:2581190:18053148:178946264:723:"convolve" "forward_convolve" 
:2594450:21526562:180927544:710:"fft" "fft" "convolve" "forward_convolve" 
:2571639:15646947:177532096:605:"fft" "convolve" "forward_convolve" 
:2583966:18823604:179357528:657:"rbind" 
:2560607:12774611:175879536:556:"fft" "fft" "convolve" "forward_convolve" 
:2575307:16302115:178032792:822:"fft" "convolve" "forward_convolve" 
:2589220:19754474:180086424:744:"eval" "match.arg" "convolve" "forward_convolve" 
:2565320:13996722:176564920:623:"fft" "fft" "convolve" "forward_convolve" 
:2579177:17601729:178625328:742:"forward_convolve" 
:2592647:21105336:180639032:722:"fft" "fft" "convolve" "forward_convolve" 
:2569974:15382787:177285472:600:"match.arg" "convolve" "forward_convolve" 
:2585313:18930369:179511864:851:"fft" "convolve" "forward_convolve" 
:2561465:13153721:176005480:610:"match.arg" "convolve" "forward_convolve" 
:2573894:16370585:177851352:664:"rbind" 
:2587468:19913793:179881016:729:"convolve" "forward_convolve" 
:2565205:14127101:176554952:575:"fft" "fft" "convolve" "forward_convolve" 
:2579282:17764854:178650528:754:"forward_convolve" 
:2593189:21404292:180724096:743:"rbind" 
:2570327:15569024:177335424:556:"forward_convolve" 
:2584503:19263461:179445336:755:"forward_convolve" 
:2562936:13466755:176192016:643:"fft" "fft" "convolve" "forward_convolve" 
:2577634:16960220:178318672:779:"sys.function" "formals" "match.arg" "convolve" "forward_convolve" 
:2590704:20295798:180261200:701:"convolve" "forward_convolve" 
:2565575:14269317:176591520:502:"forward_convolve" 
:2579037:17735750:178596208:719:"fft" "fft" "convolve" "forward_convolve" 
:2592680:21278049:180627160:731:"fft" "convolve" "forward_convolve" 
:2570961:15824753:177437680:623:"attr" "[.factor" "[" "[.data.frame" "[" 
:2585432:19121971:179530456:788:"fft" "fft" "convolve" "forward_convolve" 
:2562647:13520480:176147608:681:"fft" "convolve" "forward_convolve" 
:2577377:17129412:178300360:780:"fft" "fft" "convolve" "forward_convolve" 
:2591066:20646678:180337528:735:"length" "convolve" "forward_convolve" 
:2568648:15173398:177051784:608:"fft" "fft" "convolve" "forward_convolve" 
:2581609:18580632:178991008:697:"fft" "convolve" "forward_convolve" 
:2592935:21525177:180675432:604:"forward_convolve" 
:2573290:16384163:177738232:668:"fft" "fft" "convolve" "forward_convolve" 
:2586548:19855119:179723208:713:"fft" "fft" "convolve" "forward_convolve" 
:2564652:14159223:176446592:540:"convolve" "forward_convolve" 
:2578196:17656440:178460408:725:"forward_convolve" 
:2591982:21267837:180521208:739:"convolve" "forward_convolve" 
:2570439:15770622:177324448:569:"fft" "convolve" "forward_convolve" 
:2584676:19468521:179447352:762:"fft" "fft" "convolve" "forward_convolve" 
:2564447:14148749:176405656:608:"fft" "convolve" "forward_convolve" 
:2576566:17401910:178233776:651:"rbind" 
:2590362:20521194:180228776:771:"fft" "fft" "convolve" "forward_convolve" 
:2567665:14389271:176937320:621:"match.arg" "convolve" "forward_convolve" 
:2581141:17875305:178938424:719:"fft" "fft" "convolve" "forward_convolve" 
:2595156:21527059:181030864:754:"convolve" "forward_convolve" 
:2571120:15408337:177469880:582:"fft" "fft" "convolve" "forward_convolve" 
:2585528:18720903:179566016:807:"fft" "fft" "convolve" "forward_convolve" 
:2560615:12598424:175883064:683:"fft" "fft" "convolve" "forward_convolve" 
:2575232:16108436:178006976:778:"fft" "convolve" "forward_convolve" 
:2589835:19645445:180153064:816:"convolve" "forward_convolve" 
:2562271:13056332:176118096:522:"fft" "fft" "convolve" "forward_convolve" 
:2575625:16471698:178101840:716:"fft" "convolve" "forward_convolve" 
:2589029:20021074:180110784:718:"fft" "fft" "convolve" "forward_convolve" 
:2566035:14067420:176673448:616:"fft" "convolve" "forward_convolve" 
:2580272:17772324:178796352:762:"fft" "fft" "convolve" "forward_convolve" 
:2593720:21289431:180804624:721:"rbind" 
:2570560:15382235:177374456:599:"fft" "fft" "convolve" "forward_convolve" 
:2584570:18999898:179460344:750:"fft" "fft" "convolve" "forward_convolve" 
:2561579:12950325:176002176:580:"forward_convolve" 
:2574903:16438916:178000480:718:"fft" "fft" "convolve" "forward_convolve" 
:2586953:19597281:179797520:642:"rbind" 
:2564502:13726729:176436960:610:"fft" "fft" "convolve" "forward_convolve" 
:2578547:17345533:178552360:794:"length" "convolve" "forward_convolve" 
:2593290:20785913:180674760:783:"forward_convolve" 
:2568406:14850700:177032744:573:"fft" "fft" "convolve" "forward_convolve" 
:2582524:18493486:179135992:757:"fft" "fft" "convolve" "forward_convolve" 
:2594386:21526573:180887336:633:"Re" "convolve" "forward_convolve" 
:2573695:16255214:177823184:707:"formals" "match.arg" "convolve" "forward_convolve" 
:2586376:19613738:179727296:683:"fft" "fft" "convolve" "forward_convolve" 
:2564477:13627581:176400952:628:"eval" "match.arg" "convolve" "forward_convolve" 
:2577411:16686644:178275832:686:"fft" "fft" "convolve" "forward_convolve" 
:2591717:20339060:180396384:765:"fft" "fft" "convolve" "forward_convolve" 
:2566808:14481994:176784552:564:"is.numeric" "convolve" "forward_convolve" 
:2580682:18067031:178846248:741:"fft" "convolve" "forward_convolve" 
:2594104:21528418:180843712:718:"forward_convolve" 
:2573848:15992955:177803584:748:"fft" "fft" "convolve" "forward_convolve" 
:2588570:19372791:179934944:819:"convolve" "forward_convolve" 
:2563571:13687354:176296232:617:"fft" "convolve" "forward_convolve" 
:2577031:17206091:178306968:721:"fft" "convolve" "forward_convolve" 
:2589600:20452334:180176136:669:"fft" "fft" "convolve" "forward_convolve" 
:2567290:14688475:176851192:578:"fft" "fft" "convolve" "forward_convolve" 
:2580392:18155440:178817688:705:"convolve" "forward_convolve" 
:2593450:21528731:180764304:697:"convolve" "forward_convolve" 
:2572861:16144016:177660896:645:"fft" "fft" "convolve" "forward_convolve" 
:2587106:19851001:179784640:763:"fft" "convolve" "forward_convolve" 
:2565052:14229012:176521968:574:"fft" "convolve" "forward_convolve" 
:2579870:17639944:178670800:824:"convolve" "forward_convolve" 
:2594130:21278628:180785192:766:"forward_convolve" 
:2570822:15690118:177362360:589:"forward_convolve" 
:2583359:18951741:179236064:674:"fft" "fft" "convolve" "forward_convolve" 
:2561392:13276912:175956816:554:"fft" "convolve" "forward_convolve" 
:2575281:16887806:178028424:742:"fft" "fft" "convolve" "forward_convolve" 
:2589476:20578212:180142928:760:"rbind" 
:2567864:14986719:176926176:562:"vec_norm" 
:2582097:18681130:179045664:761:"rbind" 
:2561040:13201845:175896672:717:"fft" "convolve" "forward_convolve" 
:2574806:16698673:177935688:735:"forward_convolve" 
:2588623:20263498:179996040:739:"Conj" "fft" "convolve" "forward_convolve" 
:2566427:14129635:176761648:600:"fft" "fft" "convolve" "forward_convolve" 
:2577526:17001949:178409056:591:"Re" "convolve" "forward_convolve" 
:2592400:20494490:180583816:829:"fft" "convolve" "forward_convolve" 
:2567696:14397750:176929256:623:"fft" "fft" "convolve" "forward_convolve" 
:2581709:18035970:179016544:752:"forward_convolve" 
:2596237:21483374:181142080:811:"forward_convolve" 
:2570973:15261662:177417184:581:"fft" "fft" "convolve" "forward_convolve" 
:2585096:18913544:179518696:753:"fft" "convolve" "forward_convolve" 
:2561231:12816032:175969024:597:"rbind" 
:2575391:16492391:178081232:759:"fft" "fft" "convolve" "forward_convolve" 
:2588754:19986931:180078528:716:"fft" "convolve" "forward_convolve" 
:2564894:13720818:176499064:547:"fft" "fft" "convolve" "forward_convolve" 
:2578448:17244360:178516408:724:"fft" "fft" "convolve" "forward_convolve" 
:2592680:20950265:180638080:763:"convolve" "forward_convolve" 
:2570087:14867013:177244088:664:"fft" "convolve" "forward_convolve" 
:2584246:18364267:179325496:758:"fft" "fft" "convolve" "forward_convolve" 
:2596356:21525687:181134240:647:"convolve" "forward_convolve" 
:2573837:16175681:177832144:713:"sys.function" "formals" "match.arg" "convolve" "forward_convolve" 
:2585874:19297610:179626552:646:"rbind" 
:2562771:13376515:176204616:583:"fft" "fft" "convolve" "forward_convolve" 
:2575102:16556147:178030496:657:"fft" "fft" "convolve" "forward_convolve" 
:2587553:19807788:179894288:672:"fft" "convolve" "forward_convolve" 
:2565338:14020041:176570408:604:"fft" "fft" "convolve" "forward_convolve" 
:2579309:17659168:178649968:748:"rbind" 
:2593288:21291688:180731992:746:"fft" "convolve" "forward_convolve" 
:2570503:15433650:177340800:586:"forward_convolve" 
:2584198:19039835:179398128:733:"match.arg" "convolve" "forward_convolve" 
:2561745:13119618:176029728:584:"fft" "fft" "convolve" "forward_convolve" 
:2576225:16572438:178149776:809:"fft" "fft" "convolve" "forward_convolve" 
:2591011:20291649:180327168:787:"rbind" 
:2563874:13766011:176345848:432:"fft" "fft" "convolve" "forward_convolve" 
:2576073:16899107:178157336:654:"fft" "fft" "convolve" "forward_convolve" 
:2588905:20283631:180082504:690:"fft" "convolve" "forward_convolve" 
:2566066:14314854:176657600:538:"fft" "convolve" "forward_convolve" 
:2578722:17607124:178549728:681:"fft" "fft" "convolve" "forward_convolve" 
:2591969:21083131:180531456:712:"fft" "fft" "convolve" "forward_convolve" 
:2567816:14812983:176928864:474:"convolve" "forward_convolve" 
:2579735:17994434:178722712:638:"fft" "convolve" "forward_convolve" 
:2593402:21508714:180753776:732:"fft" "convolve" "forward_convolve" 
:2570473:15533551:177319688:523:"forward_convolve" 
:2583060:18846055:179203192:671:"fft" "convolve" "forward_convolve" 
:2561620:13236522:175992992:610:"fft" "convolve" "forward_convolve" 
:2574886:16702499:177978136:714:"fft" "convolve" "forward_convolve" 
:2588708:20327552:180047056:741:"fft" "convolve" "forward_convolve" 
:2567387:14750041:176853432:594:"fft" "convolve" "forward_convolve" 
:2582099:18190383:178990896:818:"fft" "convolve" "forward_convolve" 
:2595296:21526438:180946640:705:"convolve" "forward_convolve" 
:2571696:15947623:177501856:585:"rbind" 
:2585492:19562751:179565400:740:"fft" "fft" "convolve" "forward_convolve" 
:2562385:13487248:176100792:486:"rbind" 
:2574534:16726409:177928072:651:"fft" "convolve" "forward_convolve" 
:2588914:20479478:180071864:768:"fft" "fft" "convolve" "forward_convolve" 
:2567939:14989179:176930152:608:"fft" "convolve" "forward_convolve" 
:2581661:18569076:178981992:736:"fft" "convolve" "forward_convolve" 
:2593999:19955171:180798240:696:"fft" "fft" "convolve" "forward_convolve" 
:2574145:16502356:177836512:707:"fft" "fft" "convolve" "forward_convolve" 
:2587916:20075813:179884600:734:"rbind" 
:2565101:13768018:176547280:575:"fft" "convolve" "forward_convolve" 
:2578384:17243474:178538696:715:"convolve" "forward_convolve" 
:2590222:20372706:180309584:630:"fft" "convolve" "forward_convolve" 
:2566710:14231396:176801016:596:"fft" "convolve" "forward_convolve" 
:2580672:17874066:178886456:748:"fft" "fft" "convolve" "forward_convolve" 
:2594605:21212232:180936840:781:"fft" "fft" "convolve" "forward_convolve" 
:2570592:15172356:177358776:626:"fft" "fft" "convolve" "forward_convolve" 
:2584571:18802482:179438840:748:"rbind" 
:2561250:12828640:175966392:619:"match.arg" "convolve" "forward_convolve" 
:2573393:16021513:177791264:657:"forward_convolve" 
:2587286:19692692:179887120:771:"fft" "fft" "convolve" "forward_convolve" 
:2562597:13158130:176152200:575:"fft" "convolve" "forward_convolve" 
:2575398:16359178:178038616:681:"fft" "convolve" "forward_convolve" 
:2589597:20046545:180153624:760:"fft" "convolve" "forward_convolve" 
:2565171:13906826:176549072:554:"fft" "fft" "convolve" "forward_convolve" 
:2578819:17453596:178575208:729:"fft" "convolve" "forward_convolve" 
:2589518:20259211:180180112:578:"sys.frame" "eval" "match.arg" "convolve" "forward_convolve" 
:2563718:13538427:176327872:435:"fft" "fft" "convolve" "forward_convolve" 
:2575485:16661554:178090360:628:"sys.function" "formals" "match.arg" "convolve" "forward_convolve" 
:2589114:19967204:180096280:765:"fft" "fft" "convolve" "forward_convolve" 
:2565314:13947105:176559040:613:"rbind" 
:2577055:16991426:178313352:630:"fft" "fft" "convolve" "forward_convolve" 
:2589061:20087580:180090904:639:"forward_convolve" 
:2565473:14112549:176598576:570:"convolve" "forward_convolve" 
:2579084:17692009:178633840:730:
:2592203:21085342:180588296:698:"fft" "fft" "convolve" "forward_convolve" 
:2568345:14798791:177003512:506:"fft" "fft" "convolve" "forward_convolve" 
:2581109:18150938:178911488:680:"fft" "fft" "convolve" "forward_convolve" 
:2594247:21528094:180860904:702:"fft" "fft" "convolve" "forward_convolve" 
:2570333:15460317:177323664:524:"colSums" 
:2584033:18988094:179360552:732:"fft" "fft" "convolve" "forward_convolve" 
:2593951:21528228:180831616:534:"convolve" "forward_convolve" 
:2569907:15272565:177228576:489:"convolve" "forward_convolve" 
:2582799:18649143:179158952:695:"forward_convolve" 
:2560788:12945075:175880432:591:"sys.function" "formals" "match.arg" "convolve" "forward_convolve" 
:2574086:16379819:177857400:710:"Conj" "fft" "convolve" "forward_convolve" 
:2586567:19325224:179685296:707:"forward_convolve" 
:2562327:13395933:176113728:565:"fft" "convolve" "forward_convolve" 
:2575235:16690815:178026968:690:"forward_convolve" 
:2588546:20141088:180006568:711:"forward_convolve" 
:2565374:14249166:176563856:531:"fft" "fft" "convolve" "forward_convolve" 
:2577239:17284795:178317160:633:"sys.function" "formals" "match.arg" "convolve" "forward_convolve" 
:2589797:20570016:180197864:676:"fft" "fft" "convolve" "forward_convolve" 
:2567097:14675064:176807680:529:"fft" "convolve" "forward_convolve" 
:2580454:17797715:178756536:749:"fft" "fft" "convolve" "forward_convolve" 
:2594267:21234841:180786648:736:"fft" "fft" "convolve" "forward_convolve" 
:2570087:15543137:177268672:554:"fft" "fft" "convolve" "forward_convolve" 
:2583584:19029713:179273696:722:"fft" "fft" "convolve" "forward_convolve" 
:2561962:13329526:176033648:564:"fft" "fft" "convolve" "forward_convolve" 
:2574707:16689719:177938488:679:"fft" "fft" "convolve" "forward_convolve" 
:2587262:19903612:179799536:670:"fft" "convolve" "forward_convolve" 
:2564270:14094158:176408288:524:"eval" "match.arg" "convolve" "forward_convolve" 
:2577557:17498474:178380328:710:"fft" "fft" "convolve" "forward_convolve" 
:2589624:20511761:180171712:682:"forward_convolve" 
:2566115:14419331:176630776:515:"rbind" 
:2578458:17518485:178451392:658:"fft" "convolve" "forward_convolve" 
:2591068:20779137:180334392:678:"fft" "fft" "convolve" "forward_convolve" 
:2568045:15072708:176938888:528:"forward_convolve" 
:2580364:18262889:178773168:659:"rbind" 
:2592722:21529119:180634384:669:"fft" "convolve" "forward_convolve" 
:2570629:15149187:177359280:549:"fft" "fft" "convolve" "forward_convolve" 
:2584113:18668874:179375056:724:"forward_convolve" 
:2594943:13754260:181000400:581:"fft" "convolve" "forward_convolve" 
:2574631:16092674:177964304:811:"fft" "fft" "convolve" "forward_convolve" 
:2589020:19639417:180072144:764:"fft" "convolve" "forward_convolve" 
:2564300:13587478:176411984:601:"Re" "convolve" "forward_convolve" 
:2577549:17041413:178396568:712:"fft" "fft" "convolve" "forward_convolve" 
:2590587:20474689:180343968:700:"forward_convolve" 
:2566967:14395059:176827784:571:"Re" "convolve" "forward_convolve" 
:2579726:17720413:178731840:685:"forward_convolve" 
:2589161:20185385:180141808:503:"Conj" "fft" "convolve" "forward_convolve" 
:2565154:14016244:176575000:541:"convolve" "forward_convolve" 
:2578657:17500314:178581536:722:"fft" "fft" "convolve" "forward_convolve" 
:2592070:20972830:180570152:717:"fft" "convolve" "forward_convolve" 
:2569232:15030312:177157120:584:"eval" "match.arg" "convolve" "forward_convolve" 
:2582080:18415089:179080832:686:"convolve" "forward_convolve" 
:2594255:21527564:180880896:649:"fft" "convolve" "forward_convolve" 
:2574031:16320660:177875656:729:"fft" "fft" "convolve" "forward_convolve" 
:2588128:20001956:179983104:756:"fft" "fft" "convolve" "forward_convolve" 
:2565034:13998408:176533112:555:"fft" "fft" "convolve" "forward_convolve" 
:2577345:17185088:178358656:658:"rbind" 
:2591358:20831300:180445664:750:"forward_convolve" 
:2568875:15083372:177114000:588:"fft" "fft" "convolve" "forward_convolve" 
:2582955:18722640:179209352:755:"fft" "convolve" "forward_convolve" 
:2560981:12986981:175926520:608:"rbind" 
:2575203:16359238:178009160:796:"fft" "fft" "convolve" "forward_convolve" 
:2589933:20004683:180169360:783:"fft" "convolve" "forward_convolve" 
:2565330:14217387:176583456:570:"fft" "fft" "convolve" "forward_convolve" 
:2579219:17809901:178650640:744:"convolve" "forward_convolve" 
:2590521:20691984:180319496:603:"fft" "fft" "convolve" "forward_convolve" 
:2566899:14573629:176792224:501:"forward_convolve" 
:2579558:17827751:178675896:679:"fft" "convolve" "forward_convolve" 
:2592050:21124418:180551168:672:"fft" "convolve" "forward_convolve" 
:2569363:15251338:177165856:550:"eval" "match.arg" "convolve" "forward_convolve" 
:2581945:18482095:179068400:718:"fft" "fft" "convolve" "forward_convolve" 
:2594977:21525867:180949160:694:"forward_convolve" 
:2572641:16059651:177639952:637:"rbind" 
:2587211:19403834:179745776:810:"fft" "convolve" "forward_convolve" 
:2563070:13608942:176201032:576:"convolve" "forward_convolve" 
:2572947:16216645:177690408:532:"fft" "fft" "convolve" "forward_convolve" 
:2584524:19172980:179401544:619:"convolve" "forward_convolve" 
:2562535:13605699:176146600:574:"forward_convolve" 
:2575998:17050725:178148264:721:"fft" "convolve" "forward_convolve" 
:2590172:20737562:180260584:760:"convolve" "forward_convolve" 
:2568023:14963755:176948744:548:"sys.function" "formals" "match.arg" "convolve" "forward_convolve" 
:2581082:18400742:178904880:698:"fft" "fft" "convolve" "forward_convolve" 
:2593340:21528801:180719840:654:"fft" "fft" "convolve" "forward_convolve" 
:2573267:16366240:177733584:669:"convolve" "forward_convolve" 
:2586812:19912106:179773496:757:"fft" "fft" "convolve" "forward_convolve" 
:2563944:13878039:176320256:559:"fft" "convolve" "forward_convolve" 
:2577109:17174028:178257968:701:"fft" "convolve" "forward_convolve" 
:2590979:20774538:180325880:743:"fft" "fft" "convolve" "forward_convolve" 
:2567798:14993522:176908872:516:"fft" "fft" "convolve" "forward_convolve" 
:2581352:18507058:178926272:724:"fft" "convolve" "forward_convolve" 
:2592969:21528717:180661320:626:"fft" "fft" "convolve" "forward_convolve" 
:2572866:16376656:177672936:636:"fft" "fft" "convolve" "forward_convolve" 
:2586892:20007363:179759664:752:"fft" "convolve" "forward_convolve" 
:2593431:21518851:180721688:384:"rbind" 
:2593431:21518851:180721688:0:"rbind" 
:2593431:21518851:180721688:0:"rbind" 
:2593431:21518851:180721688:0:"rbind" 
:2593431:21518851:180721688:0:"rbind" 
:2593431:21518851:180721688:0:"rbind" 
:2593431:21518851:180721688:0:"rbind" 
:2560166:12426501:175824936:0:"rbind" 
:2572219:15276661:177566088:642:"fft" "convolve" "forward_convolve" 
:2586347:18883346:179659928:754:"fft" "fft" "convolve" "forward_convolve" 
:2561243:12779778:175993160:595:"fft" "fft" "convolve" "forward_convolve" 
:2574264:16137304:177923816:697:"convolve" "forward_convolve" 
:2586915:19405863:179802728:676:"convolve" "forward_convolve" 
:2563179:13353103:176293152:595:"fft" "fft" "convolve" "forward_convolve" 
:2576082:16652998:178205832:690:"fft" "fft" "convolve" "forward_convolve" 
:2588433:19840284:180038152:661:"Re" "convolve" "forward_convolve" 
:2563904:13520263:176387008:541:"eval" "match.arg" "convolve" "forward_convolve" 
:2578366:16854724:178480512:802:"convolve" "forward_convolve" 
:2591610:20212048:180443312:710:"convolve" "forward_convolve" 
:2564521:13730321:176481424:507:"fft" "convolve" "forward_convolve" 
:2573033:15905075:177742208:456:"eval" "match.arg" "convolve" "forward_convolve" 
:2581271:18049191:178968664:437:"rbind" 
:2592623:21065944:180675768:609:"convolve" "forward_convolve" 
:2569578:14944343:177203600:597:"forward_convolve" 
:2582670:18383110:179162032:704:"convolve" "forward_convolve" 
:2594562:21527342:180947032:635:"fft" "fft" "convolve" "forward_convolve" 
:2574227:15985150:177891448:781:"convolve" "forward_convolve" 
:2588441:19437035:179961768:753:"fft" "fft" "convolve" "forward_convolve" 
:2563998:13534703:176360520:616:"fft" "fft" "convolve" "forward_convolve" 
:2577584:17091495:178394160:730:"rbind" 
:2591377:20671142:180463304:770:"fft" "fft" "convolve" "forward_convolve" 
:2566256:14055881:176677760:525:"fft" "fft" "convolve" "forward_convolve" 
:2579268:17310202:178589880:692:"forward_convolve" 
:2592935:20867460:180632312:733:"fft" "fft" "convolve" "forward_convolve" 
:2569091:15026585:177143624:594:"fft" "convolve" "forward_convolve" 
:2581430:18200232:178970008:657:"fft" "convolve" "forward_convolve" 
:2593865:21433771:180832344:671:"fft" "fft" "convolve" "forward_convolve" 
:2570339:15360942:177320304:541:"fft" "fft" "convolve" "forward_convolve" 
:2583576:18793694:179290496:708:"rbind" 
:2593887:21524351:180845000:554:"rbind" 
:2571836:15722535:177526104:603:"rbind" 
:2579020:17507376:178600352:421:"fft" "fft" "convolve" "forward_convolve" 
:2592642:20703740:180571048:726:"convolve" "forward_convolve" 
:2567049:14556732:176817368:512:"fft" "fft" "convolve" "forward_convolve" 
:2580698:18084368:178850504:730:"convolve" "forward_convolve" 
:2593819:21478644:180800424:703:"forward_convolve" 
:2571750:15909675:177545816:607:"eval" "match.arg" "convolve" "forward_convolve" 
:2585967:19601050:179663624:760:"convolve" "forward_convolve" 
:2564817:13978630:176469496:616:"convolve" "forward_convolve" 
:2578135:17464107:178459904:714:"fft" "fft" "convolve" "forward_convolve" 
:2589923:20611890:180233984:631:"fft" "fft" "convolve" "forward_convolve" 
:2566879:14613148:176795192:538:"fft" "fft" "convolve" "forward_convolve" 
:2580698:18219713:178860080:743:"fft" "fft" "convolve" "forward_convolve" 
:2593219:21528705:180742184:671:"convolve" "forward_convolve" 
:2573129:16214015:177709952:661:"fft" "convolve" "forward_convolve" 
:2586821:19759816:179747456:734:"convolve" "forward_convolve" 
:2562497:13530315:176138312:457:"convolve" "forward_convolve" 
:2572705:16232031:177675736:550:"fft" "fft" "convolve" "forward_convolve" 
:2585558:19309857:179563216:722:"fft" "convolve" "forward_convolve" 
:2562030:13354909:176045632:554:"forward_convolve" 
:2572392:16041937:177591008:553:"fft" "convolve" "forward_convolve" 
:2583910:18967727:179298168:618:"convolve" "forward_convolve" 
:2561508:13311179:175988904:552:"forward_convolve" 
:2574541:16664601:177923088:696:"forward_convolve" 
:2584974:19424219:179491536:564:"convolve" "forward_convolve" 
:2563510:13791593:176265544:573:"fft" "fft" "convolve" "forward_convolve" 
:2575881:16735062:178087448:699:"fft" "fft" "convolve" "forward_convolve" 
:2589311:20043021:180062904:720:"fft" "fft" "convolve" "forward_convolve" 
:2564697:13551435:176479016:532:"fft" "fft" "convolve" "forward_convolve" 
:2577946:16968337:178451672:711:"fft" "fft" "convolve" "forward_convolve" 
:2589842:20139521:180243448:642:"fft" "fft" "convolve" "forward_convolve" 
:2565230:13626882:176563688:585:"fft" "fft" "convolve" "forward_convolve" 
:2579072:16899908:178568880:735:"fft" "fft" "convolve" "forward_convolve" 
:2593111:20483051:180651184:752:"fft" "fft" "convolve" "forward_convolve" 
:2567703:14491508:176941184:596:"forward_convolve" 
:2581235:17977099:178953544:724:"fft" "fft" "convolve" "forward_convolve" 
:2594884:21522867:180979848:730:"forward_convolve" 
:2571382:15475702:177490488:597:"fft" "convolve" "forward_convolve" 
:2585555:19182091:179613560:760:"fft" "convolve" "forward_convolve" 
:2562488:13232226:176167600:603:"length" "convolve" "forward_convolve" 
:2574644:16373760:177976568:649:"Conj" "fft" "convolve" "forward_convolve" 
:2587035:19659011:179840080:669:"fft" "fft" "convolve" "forward_convolve" 
:2564464:13678873:176440488:598:"convolve" "forward_convolve" 
:2576121:16710116:178178784:626:"fft" "convolve" "forward_convolve" 
:2590991:20307765:180376336:834:
:2567110:14418549:176848896:638:"==" "[.data.frame" "[" 
:2582840:17992314:179110624:861:"fft" "convolve" "forward_convolve" 
:2596697:21522675:181161680:740:"forward_convolve" 
:2572000:15759196:177575832:617:"rbind" 
:2585352:19207480:179562376:714:"convolve" "forward_convolve" 
:2561548:13087149:176015280:532:"fft" "convolve" "forward_convolve" 
:2575137:16584803:178036824:727:"fft" "fft" "convolve" "forward_convolve" 
:2588434:20029172:180007968:710:"fft" "convolve" "forward_convolve" 
:2565055:14051426:176548064:561:"fft" "fft" "convolve" "forward_convolve" 
:2578367:17536539:178533320:710:"convolve" "forward_convolve" 
:2592182:20851248:180555928:774:"fft" "convolve" "forward_convolve" 
:2567022:14435366:176801688:495:"fft" "convolve" "forward_convolve" 
:2578950:17484292:178571960:634:"fft" "fft" "convolve" "forward_convolve" 
:2591864:20801606:180488112:689:"fft" "fft" "convolve" "forward_convolve" 
:2567454:14700692:176878576:506:"fft" "fft" "convolve" "forward_convolve" 
:2576917:17112797:178278016:508:"convolve" "forward_convolve" 
:2589484:20432373:180164488:672:"fft" "convolve" "forward_convolve" 
:2566998:14614771:176814400:577:"fft" "convolve" "forward_convolve" 
:2579749:17974732:178728088:686:"fft" "fft" "convolve" "forward_convolve" 
:2593183:21528608:180744480:721:"fft" "fft" "convolve" "forward_convolve" 
:2572494:15990230:177616488:628:"convolve" "forward_convolve" 
:2586636:19651094:179720912:757:"fft" "convolve" "forward_convolve" 
:2563281:13763731:176274056:525:"fft" "convolve" "forward_convolve" 
:2576836:17266367:178289664:726:"formals" "match.arg" "convolve" "forward_convolve" 
:2588797:20337711:180064136:640:"forward_convolve" 
:2566720:14609921:176763048:554:"is.list" "eval" "match.arg" "convolve" "forward_convolve" 
:2581149:17943861:178849832:799:"fft" "fft" "convolve" "forward_convolve" 
:2593360:21020410:180654488:653:"sys.function" "formals" "match.arg" "convolve" "forward_convolve" 
:2570164:15564412:177280656:608:"fft" "convolve" "forward_convolve" 
:2584182:19243292:179378024:752:"rbind" 
:2563402:13861214:176273048:617:"fft" "fft" "convolve" "forward_convolve" 
:2577195:17452050:178327688:737:"rbind" 
:2591576:21187140:180469632:769:"fft" "convolve" "forward_convolve" 
:2570570:15773146:177350992:596:"convolve" "forward_convolve" 
:2583026:18970241:179202744:663:"fft" "fft" "convolve" "forward_convolve" 
:2562287:13537185:176088416:595:"fft" "fft" "convolve" "forward_convolve" 
:2576225:17185385:178174752:748:"fft" "fft" "convolve" "forward_convolve" 
:2590149:20839533:180259296:771:"forward_convolve" 
:2569738:15293914:177153032:651:"fft" "convolve" "forward_convolve" 
:2584225:19008606:179309536:776:"rbind" 
:2561361:12741223:175990528:590:"convolve" "forward_convolve" 
:2575452:16424998:178097864:756:"forward_convolve" 
:2589214:20014500:180153736:738:"fft" "fft" "convolve" "forward_convolve" 
:2565723:13884699:176632400:592:"match.arg" "convolve" "forward_convolve" 
:2578330:17146195:178505264:673:"fft" "fft" "convolve" "forward_convolve" 
:2591604:20612193:180490856:713:"fft" "fft" "convolve" "forward_convolve" 
:2567380:14236853:176891120:606:"fft" "convolve" "forward_convolve" 
:2582006:17810658:179027072:777:"fft" "convolve" "forward_convolve" 
:2596397:21525205:181175680:771:"fft" "fft" "convolve" "forward_convolve" 
:2571853:15574617:177541280:617:"fft" "convolve" "forward_convolve" 
:2585893:19238829:179640328:752:"forward_convolve" 
:2562035:13143419:176102920:562:"fft" "convolve" "forward_convolve" 
:2576457:16903049:178254496:772:"rbind" 
:2589656:20295188:180215280:705:"forward_convolve" 
:2561495:12960974:176004864:313:"convolve" "forward_convolve" 
:2570853:15415033:177405480:502:"fft" "convolve" "forward_convolve" 
:2584094:18850701:179375728:707:"fft" "fft" "convolve" "forward_convolve" 
:2560613:12802690:175882280:555:"fft" "convolve" "forward_convolve" 
:2573268:16035688:177759960:675:"fft" "fft" "convolve" "forward_convolve" 
:2587376:19709986:179858392:754:"convolve" "forward_convolve" 
:2563236:13556792:176291584:531:"fft" "fft" "convolve" "forward_convolve" 
:2576039:16840587:178187128:684:"fft" "fft" "convolve" "forward_convolve" 
:2589585:20356108:180203856:723:"fft" "fft" "convolve" "forward_convolve" 
:2565183:14008660:176556464:492:"fft" "convolve" "forward_convolve" 
:2578386:17425799:178518816:705:"fft" "convolve" "forward_convolve" 
:2592239:20914662:180588520:781:"fft" "fft" "convolve" "forward_convolve" 
:2569325:14954855:177150624:624:"eval" "match.arg" "convolve" "forward_convolve" 
:2583791:18615241:179286352:771:"fft" "fft" "convolve" "forward_convolve" 
:2560941:12971022:175921648:614:"fft" "fft" "convolve" "forward_convolve" 
:2575418:16476483:178058496:814:"convolve" "forward_convolve" 
:2590274:20160211:180240704:790:"convolve" "forward_convolve" 
:2566560:14437689:176749048:613:"convolve" "forward_convolve" 
:2580494:18056303:178820544:744:"forward_convolve" 
:2592388:21191889:180614728:669:"forward_convolve" 
:2569134:14867249:177083536:551:"fft" "convolve" "forward_convolve" 
:2583716:18549262:179236344:775:"fft" "fft" "convolve" "forward_convolve" 
:2595218:13697923:180946976:618:"forward_convolve" 
:2574454:16581199:177930704:742:"fft" "convolve" "forward_convolve" 
:2588009:20174222:179965576:727:"rowSums" 
:2567034:14660166:176812944:628:"fft" "fft" "convolve" "forward_convolve" 
:2581436:18397779:178960992:772:"convolve" "forward_convolve" 
:2593441:21528919:180753888:647:"fft" "convolve" "forward_convolve" 
:2573505:16447532:177794456:683:"rbind" 
:2586814:19604679:179751768:752:"fft" "convolve" "forward_convolve" 
:2564734:14015094:176450232:632:"forward_convolve" 
:2578894:17660841:178556336:757:"forward_convolve" 
:2593939:21204679:180753888:839:"fft" "fft" "convolve" "forward_convolve" 
:2570897:15659579:177366168:610:"convolve" "forward_convolve" 
:2585120:19353009:179482744:761:"fft" "convolve" "forward_convolve" 
:2563403:13882785:176276184:586:"match.arg" "convolve" "forward_convolve" 
:2577267:17454805:178338104:742:"forward_convolve" 
:2591286:21120846:180429256:749:"fft" "fft" "convolve" "forward_convolve" 
:2569029:15380064:177107728:519:"rbind" 
:2581172:18457997:178903032:648:"fft" "convolve" "forward_convolve" 
:2592836:21524768:180653144:629:"rbind" 
:2573153:16435021:177714376:655:"c" "match.arg" "convolve" "forward_convolve" 
:2587312:20117835:179823784:757:"fft" "fft" "convolve" "forward_convolve" 
:2566266:14066389:176724296:618:"fft" "fft" "convolve" "forward_convolve" 
:2580058:17671891:178785488:740:"fft" "convolve" "forward_convolve" 
:2593306:21153898:180767440:713:"forward_convolve" 
:2569792:15029136:177249912:587:"fft" "convolve" "forward_convolve" 
:2583748:18646248:179327064:746:"fft" "convolve" "forward_convolve" 
:2594434:21521344:180952520:589:"==" "[.data.frame" "[" 
:2573789:15594654:177765560:739:"fft" "convolve" "forward_convolve" 
:2587510:19094443:179805248:735:"fft" "convolve" "forward_convolve" 
:2562571:13121200:176150912:618:"convolve" "forward_convolve" 
:2573982:16166901:177868544:615:"fft" "fft" "convolve" "forward_convolve" 
:2586598:19430207:179741912:672:"fft" "convolve" "forward_convolve" 
:2561548:12967768:176016568:491:"forward_convolve" 
:2572276:15659706:177594200:568:"fft" "fft" "convolve" "forward_convolve" 
:2585585:19148683:179582648:715:"fft" "convolve" "forward_convolve" 
:2561886:13098851:176062040:567:"fft" "fft" "convolve" "forward_convolve" 
:2572648:15882477:177663528:580:"convolve" "forward_convolve" 
:2584806:19110549:179487112:648:"forward_convolve" 
:2561418:12929540:175976864:666:"fft" "convolve" "forward_convolve" 
:2575109:16357054:177990232:728:"fft" "convolve" "forward_convolve" 
:2588410:19815934:179977728:713:"fft" "fft" "convolve" "forward_convolve" 
:2565007:13948132:176523592:593:"convolve" "forward_convolve" 
:2578617:17262250:178532312:765:"fft" "fft" "convolve" "forward_convolve" 
:2593282:20836639:180673864:780:"fft" "convolve" "forward_convolve" 
:2569242:15014682:177128784:613:"convolve" "forward_convolve" 
:2582487:18480575:179108160:710:"forward_convolve" 
:2593539:21387006:180769008:593:"Conj" "fft" "convolve" "forward_convolve" 
:2571627:15634958:177477944:611:"formals" "match.arg" "convolve" "forward_convolve" 
:2585397:19236418:179535888:738:"forward_convolve" 
:2562743:13424741:176180928:587:"convolve" "forward_convolve" 
:2576978:16923099:178287816:799:"fft" "fft" "convolve" "forward_convolve" 
:2591542:20477320:180414528:773:"fft" "fft" "convolve" "forward_convolve" 
:2567127:14564954:176821568:574:"fft" "fft" "convolve" "forward_convolve" 
:2579843:17902436:178725904:686:"convolve" "forward_convolve" 
:2593133:21393696:180716256:708:"fft" "fft" "convolve" "forward_convolve" 
:2570164:15332416:177254112:529:"rbind" 
:2581105:18197635:178890208:584:"fft" "convolve" "forward_convolve" 
:2594003:21527920:180805968:689:"fft" "fft" "convolve" "forward_convolve" 
:2571535:15893111:177502808:605:
:2586042:19207301:179594296:783:
:2562855:13599786:176180536:614:"fft" "fft" "convolve" "forward_convolve" 
:2576927:17238034:178275720:754:"fft" "convolve" "forward_convolve" 
:2591162:20949327:180401032:762:"convolve" "forward_convolve" 
:2570038:15433967:177239384:604:"sys.parent" "sys.function" "formals" "match.arg" "convolve" "forward_convolve" 
:2584298:19146952:179365424:764:"fft" "fft" "convolve" "forward_convolve" 
:2561432:13238197:175954408:521:"convolve" "forward_convolve" 
:2572558:16244287:177636928:598:"rbind" 
:2586645:19882536:179733120:754:"forward_convolve" 
:2565655:14335374:176573656:596:"fft" "convolve" "forward_convolve" 
:2579891:18048838:178697344:763:"forward_convolve" 
:2593196:21527836:180690720:716:"fft" "convolve" "forward_convolve" 
:2572423:16175491:177600920:614:"rbind" 
:2587693:19727990:179825184:850:"fft" "convolve" "forward_convolve" 
:2565431:14298576:176529584:614:"fft" "convolve" "forward_convolve" 
:2575996:17085305:178118808:572:"forward_convolve" 
:2584024:19150064:179311272:427:"fft" "fft" "convolve" "forward_convolve" 
:2592812:21407738:180612320:468:"fft" "convolve" "forward_convolve" 
:2571110:15911680:177410184:567:"fft" "fft" "convolve" "forward_convolve" 
:2584392:19185238:179378976:748:"fft" "convolve" "forward_convolve" 
:2561335:12752368:175980672:584:"fft" "fft" "convolve" "forward_convolve" 
:2575293:16308334:178048920:746:"fft" "convolve" "forward_convolve" 
:2587272:19472213:179843776:640:"fft" "convolve" "forward_convolve" 
:2562809:13154914:176195992:552:"fft" "fft" "convolve" "forward_convolve" 
:2574432:16225978:177941680:623:"fft" "fft" "convolve" "forward_convolve" 
:2587829:19693449:179929680:717:"fft" "convolve" "forward_convolve" 
:2561258:12787492:175967680:513:"convolve" "forward_convolve" 
:2574941:16169118:177982168:730:"fft" "fft" "convolve" "forward_convolve" 
:2589209:19892063:180108096:764:"rbind" 
:2565336:13868160:176567832:610:"fft" "convolve" "forward_convolve" 
:2579761:17519115:178720528:809:"fft" "convolve" "forward_convolve" 
:2594592:21043227:180868744:788:"convolve" "forward_convolve" 
:2569944:15108464:177254952:611:"convolve" "forward_convolve" 
:2583819:18742601:179326112:742:"fft" "convolve" "forward_convolve" 
:2560967:12865562:175927304:603:"fft" "fft" "convolve" "forward_convolve" 
:2574216:16303251:177897776:708:"fft" "fft" "convolve" "forward_convolve" 
:2586079:19425351:179677960:641:"fft" "convolve" "forward_convolve" 
:2563237:13471782:176260000:583:"convolve" "forward_convolve" 
:2577334:17123583:178357368:754:"fft" "convolve" "forward_convolve" 
:2591922:20923883:180535264:781:"fft" "fft" "convolve" "forward_convolve" 
:2569496:15137313:177198952:605:"fft" "convolve" "forward_convolve" 
:2583916:18898966:179348568:772:"forward_convolve" 
:2562022:13120827:176062656:693:"fft" "convolve" "forward_convolve" 
:2576840:16755843:178228512:785:"forward_convolve" 
:2590596:20287693:180275648:738:"fft" "convolve" "forward_convolve" 
:2566152:14307366:176694224:565:"fft" "fft" "convolve" "forward_convolve" 
:2578825:17702955:178614632:701:"[[.data.frame" "[[" "[.data.frame" "[" 
:2594278:21214366:180836320:840:"convolve" "forward_convolve" 
:2570671:15492697:177357544:603:"fft" "convolve" "forward_convolve" 
:2585194:19250449:179524408:779:"fft" "fft" "convolve" "forward_convolve" 
:2563658:13583331:176285704:619:"fft" "fft" "convolve" "forward_convolve" 
:2577548:17218396:178358824:743:"convolve" "forward_convolve" 
:2591687:20905797:180470528:760:"fft" "convolve" "forward_convolve" 
:2568958:15111428:177105040:571:"fft" "convolve" "forward_convolve" 
:2582138:18406377:179060224:741:"fft" "convolve" "forward_convolve" 
:2594952:21416416:180914944:683:"fft" "convolve" "forward_convolve" 
:2569599:15254950:177186968:495:"fft" "fft" "convolve" "forward_convolve" 
:2583283:18795651:179223352:731:
:2561690:13195811:175996128:599:"fft" "convolve" "forward_convolve" 
:2575639:16865586:178082408:747:"forward_convolve" 
:2589736:20556044:180191480:752:"fft" "fft" "convolve" "forward_convolve" 
:2567748:14850010:176909432:591:"fft" "convolve" "forward_convolve" 
:2581768:18515222:178998512:750:"forward_convolve" 
:2560957:13130422:175897232:614:"fft" "convolve" "forward_convolve" 
:2574353:16586387:177885120:716:"forward_convolve" 
:2586618:19630825:179701032:692:"forward_convolve" 
:2564709:14069241:176443400:648:"fft" "fft" "convolve" "forward_convolve" 
:2578341:17559880:178468976:729:"fft" "convolve" "forward_convolve" 
:2592205:21202050:180544056:744:"convolve" "forward_convolve" 
:2570570:15668499:177317560:590:"fft" "convolve" "forward_convolve" 
:2584666:19341256:179418624:755:"eval" "match.arg" "convolve" "forward_convolve" 
:2563436:13917635:176279264:588:"fft" "fft" "convolve" "forward_convolve" 
:2576898:17400244:178278184:717:"fft" "fft" "convolve" "forward_convolve" 
:2591003:21039014:180379864:756:"convolve" "forward_convolve" 
:2569992:15482537:177213736:573:"fft" "convolve" "forward_convolve" 
:2582209:18719214:179051488:654:"fft" "convolve" "forward_convolve" 
:2560618:12621894:175881496:606:"fft" "fft" "convolve" "forward_convolve" 
:2574244:16185186:177918160:731:"match.arg" "convolve" "forward_convolve" 
:2588230:19826961:180007856:753:"convolve" "forward_convolve" 
:2564111:13528180:176389808:546:"fft" "fft" "convolve" "forward_convolve" 
:2577819:17081390:178432520:733:"fft" "fft" "convolve" "forward_convolve" 
:2591039:20461659:180409656:745:"forward_convolve" 
:2567435:14332824:176876336:634:"fft" "fft" "convolve" "forward_convolve" 
:2581266:17853005:178924816:742:"Conj" "fft" "convolve" "forward_convolve" 
:2593694:21073101:180771920:664:"eval" "match.arg" "convolve" "forward_convolve" 
:2567747:14567864:176934016:479:"fft" "fft" "convolve" "forward_convolve" 
:2581938:18256218:179048912:760:"fft" "fft" "convolve" "forward_convolve" 
:2594687:21527450:180935776:681:"fft" "fft" "convolve" "forward_convolve" 
:2573413:16067657:177773008:695:"fft" "fft" "convolve" "forward_convolve" 
:2586474:19479945:179729424:703:"fft" "convolve" "forward_convolve" 
:2564010:13688711:176379672:607:"fft" "fft" "convolve" "forward_convolve" 
:2578610:17236809:178527328:818:"fft" "convolve" "forward_convolve" 
:2593349:20888909:180691728:784:"rbind" 
:2569277:15046433:177145752:613:"forward_convolve" 
:2581408:18205678:178961832:655:"fft" "fft" "convolve" "forward_convolve" 
:2593914:21510670:180840016:668:"rbind" 
:2572447:15854004:177607136:636:"forward_convolve" 
:2586181:19412387:179654440:736:"fft" "fft" "convolve" "forward_convolve" 
:2563272:13588597:176273384:582:"fft" "convolve" "forward_convolve" 
:2576966:17144903:178307696:733:"fft" "convolve" "forward_convolve" 
:2591157:20827260:180422368:758:"fft" "fft" "convolve" "forward_convolve" 
:2568239:14820925:176995840:559:"rbind" 
:2575337:16661386:178053736:380:"fft" "fft" "convolve" "forward_convolve" 
:2584333:18979728:179386536:478:"fft" "convolve" "forward_convolve" 
:2594029:21526623:180838392:519:"fft" "fft" "convolve" "forward_convolve" 
:2572493:15941728:177622760:637:"fft" "fft" "convolve" "forward_convolve" 
:2585813:19435319:179616472:716:"fft" "convolve" "forward_convolve" 
:2562365:13335756:176105552:523:"fft" "convolve" "forward_convolve" 
:2575043:16633290:178018232:714:"fft" "fft" "convolve" "forward_convolve" 
:2589674:20013355:180122712:782:"fft" "fft" "convolve" "forward_convolve" 
:2566010:14353797:176654464:597:"fft" "fft" "convolve" "forward_convolve" 
:2579731:17884639:178694320:736:"fft" "convolve" "forward_convolve" 
:2593747:21509306:180782112:750:"rbind" 
:2571657:15806336:177490600:588:"rbind" 
:2583794:19023866:179311608:648:"fft" "fft" "convolve" "forward_convolve" 
:2562416:13396767:176102528:613:"forward_convolve" 
:2576746:17123315:178242624:768:"fft" "fft" "convolve" "forward_convolve" 
:2590700:20698399:180334616:786:"fft" "convolve" "forward_convolve" 
:2568701:14958178:177017064:620:"forward_convolve" 
:2582841:18546195:179116728:761:"fft" "convolve" "forward_convolve" 
:2594453:21526366:180832960:616:"forward_convolve" 
:2572355:16051081:177589160:620:"sys.function" "formals" "match.arg" "convolve" "forward_convolve" 
:2585798:19596340:179606952:722:"match.arg" "convolve" "forward_convolve" 
:2563079:13609852:176185016:513:"forward_convolve" 
:2574669:16703425:177938992:623:"fft" "fft" "convolve" "forward_convolve" 
:2587844:20085115:179894736:706:"convolve" "forward_convolve" 
:2564554:14117176:176432816:501:"fft" "fft" "convolve" "forward_convolve" 
:2577795:17559722:178404072:704:"fft" "fft" "convolve" "forward_convolve" 
:2589891:20659099:180192712:644:"fft" "fft" "convolve" "forward_convolve" 
:2568478:15098228:177001384:570:"fft" "fft" "convolve" "forward_convolve" 
:2582334:18684221:179061624:742:"fft" "convolve" "forward_convolve" 
:2594875:16287836:180870424:702:"forward_convolve" 
:2573565:16334663:177729776:671:"fft" "fft" "convolve" "forward_convolve" 
:2582503:18687684:179066160:478:"convolve" "forward_convolve" 
:2591284:21023066:180386136:471:"fft" "fft" "convolve" "forward_convolve" 
:2593394:21527488:180698112:116:"fft" "fft" "convolve" "forward_convolve" 
:2593394:21527488:180698112:0:"fft" "fft" "convolve" "forward_convolve" 
:2593394:21527488:180698112:0:"fft" "fft" "convolve" "forward_convolve" 
:2593394:21527488:180698112:0:"fft" "fft" "convolve" "forward_convolve" 
:2593394:21527488:180698112:0:"fft" "fft" "convolve" "forward_convolve" 
:2593394:21527488:180698112:0:"fft" "fft" "convolve" "forward_convolve" 
:2593394:21527488:180698112:0:"fft" "fft" "convolve" "forward_convolve" 
:2560165:12439501:175826728:0:"fft" "fft" "convolve" "forward_convolve" 
:2563254:13236238:176277808:160:"fft" "fft" "convolve" "forward_convolve" 
:2573880:16041566:177875600:575:"fft" "convolve" "forward_convolve" 
:2587048:19464007:179839800:703:"match.arg" "convolve" "forward_convolve" 
:2562892:13115072:176218448:561:"rbind" 
:2575554:16460075:178117576:681:"forward_convolve" 
:2589123:20007461:180143096:723:"fft" "fft" "convolve" "forward_convolve" 
:2564224:13570648:176424248:538:"forward_convolve" 
:2576075:16719447:178206952:635:"fft" "convolve" "forward_convolve" 
:2590118:20343631:180299448:753:"convolve" "forward_convolve" 
:2567428:14201937:176859872:689:"fft" "fft" "convolve" "forward_convolve" 
:2579711:17269481:178671080:655:"fft" "convolve" "forward_convolve" 
:2594223:21033663:180832176:776:"fft" "fft" "convolve" "forward_convolve" 
:2568598:14784611:177079224:544:"fft" "convolve" "forward_convolve" 
:2582090:18290566:179087720:720:"fft" "convolve" "forward_convolve" 
:2594522:21527563:180944680:668:"fft" "fft" "convolve" "forward_convolve" 
:2570762:15365418:177397584:557:"fft" "fft" "convolve" "forward_convolve" 
:2584249:18846397:179404904:721:"rbind" 
:2594297:21527810:180920320:541:"Re" "convolve" "forward_convolve" 
:2572206:15704357:177595936:631:"fft" "fft" "convolve" "forward_convolve" 
:2582955:18576369:179211536:581:"forward_convolve" 
:2590749:20578918:180367264:416:"forward_convolve" 
:2565816:14104997:176658720:486:"fft" "fft" "convolve" "forward_convolve" 
:2580443:17604653:178801896:817:"fft" "fft" "convolve" "forward_convolve" 
:2594600:21109989:180875968:754:"convolve" "forward_convolve" 
:2569857:15289105:177268672:586:"fft" "fft" "convolve" "forward_convolve" 
:2583958:18922371:179369680:756:"convolve" "forward_convolve" 
:2562030:13217009:176077552:624:"forward_convolve" 
:2576105:16874326:178179904:755:"fft" "fft" "convolve" "forward_convolve" 
:2589726:20441618:180214664:730:"forward_convolve" 
:2566265:14320302:176709288:526:"fft" "fft" "convolve" "forward_convolve" 
:2574158:16390753:177887640:424:"fft" "fft" "convolve" "forward_convolve" 
:2586792:19649791:179764312:675:"convolve" "forward_convolve" 
:2563963:13837952:176387512:574:"fft" "fft" "convolve" "forward_convolve" 
:2577344:17267919:178373328:716:"forward_convolve" 
:2590536:20687541:180334896:704:"fft" "fft" "convolve" "forward_convolve" 
:2567546:14696926:176902152:531:"fft" "fft" "convolve" "forward_convolve" 
:2580731:17900152:178843112:743:"length" "rowSums" 
:2594953:21329412:180910800:755:"fft" "convolve" "forward_convolve" 
:2570294:15426554:177299640:558:"fft" "fft" "convolve" "forward_convolve" 
:2581104:18260083:178912160:576:"fft" "convolve" "forward_convolve" 
:2591261:20915131:180429144:548:"fft" "convolve" "forward_convolve" 
:2568959:15189007:177113160:574:"fft" "convolve" "forward_convolve" 
:2581399:18435025:178970792:669:"fft" "convolve" "forward_convolve" 
:2593048:21527614:180719112:622:"forward_convolve" 
:2573597:16364704:177789192:693:"fft" "fft" "convolve" "forward_convolve" 
:2587367:19930498:179841032:736:"fft" "fft" "convolve" "forward_convolve" 
:2565559:14400136:176612128:593:"convolve" "forward_convolve" 
:2579210:17962648:178648512:727:"fft" "convolve" "forward_convolve" 
:2592959:21523517:180691504:736:"forward_convolve" 
:2570627:15677568:177354912:534:"fft" "fft" "convolve" "forward_convolve" 
:2583339:19030198:179256616:679:"convolve" "forward_convolve" 
:2562525:13586232:176135120:619:"fft" "fft" "convolve" "forward_convolve" 
:2576478:17220944:178216136:749:"match.arg" "convolve" "forward_convolve" 
:2590380:20803038:180314008:785:"convolve" "forward_convolve" 
:2569202:15199925:177106552:627:"convolve" "forward_convolve" 
:2581783:18384436:178966032:672:"fft" "convolve" "forward_convolve" 
:2594062:21528005:180786312:656:"convolve" "forward_convolve" 
:2571644:16128716:177514232:580:"rbind" 
:2584512:19418570:179419016:687:"forward_convolve" 
:2561196:12782286:175984648:486:"colSums" 
:2573418:15485793:177734312:684:"fft" "convolve" "forward_convolve" 
:2586351:18736517:179645200:690:"convolve" "forward_convolve" 
:2596867:21524764:181224008:569:"forward_convolve" 
:2568656:14679732:177081800:448:"fft" "convolve" "forward_convolve" 
:2581371:18023404:178986080:680:"eval" "match.arg" "convolve" "forward_convolve" 
:2592357:20824105:180605544:586:"rbind" 
:2565097:13795423:176541120:397:"fft" "fft" "convolve" "forward_convolve" 
:2578200:17226211:178500392:704:"forward_convolve" 
:2591023:20638008:180433120:690:"fft" "fft" "convolve" "forward_convolve" 
:2566137:14125277:176706264:509:"forward_convolve" 
:2579793:17703704:178754688:735:"fft" "fft" "convolve" "forward_convolve" 
:2593600:21325853:180820584:741:"fft" "convolve" "forward_convolve" 
:2571600:15309600:177497320:684:"forward_convolve" 
:2586458:18950158:179670008:787:"fft" "fft" "convolve" "forward_convolve" 
:2561336:12867714:175975856:598:"convolve" "forward_convolve" 
:2575146:16485153:178039176:739:"fft" "fft" "convolve" "forward_convolve" 
:2588814:20045592:180083568:736:"fft" "fft" "convolve" "forward_convolve" 
:2566892:14063612:176759744:668:"forward_convolve" 
:2580275:17342775:178724224:714:"match.arg" "convolve" "forward_convolve" 
:2593628:20778682:180706288:713:"rbind" 
:2568505:14781082:177036664:580:"forward_convolve" 
:2582793:18506067:179167520:764:"fft" "fft" "convolve" "forward_convolve" 
:2560696:12827604:175878136:630:
:2574306:16354661:177904272:726:"fft" "fft" "convolve" "forward_convolve" 
:2588445:20021004:180011384:759:"eval" "match.arg" "convolve" "forward_convolve" 
:2566345:14334586:176721328:623:"fft" "convolve" "forward_convolve" 
:2579948:17942172:178763816:729:"rowSums" 
:2593812:21526705:180824672:739:"forward_convolve" 
:2570561:15373601:177335704:537:"fft" "fft" "convolve" "forward_convolve" 
:2581220:18164004:178927672:569:"fft" "fft" "convolve" "forward_convolve" 
:2595051:21383371:180936224:772:"convolve" "forward_convolve" 
:2571062:15513661:177401056:591:"fft" "convolve" "forward_convolve" 
:2585004:19160285:179484200:746:"rbind" 
:2562819:13552004:176191848:608:"fft" "convolve" "forward_convolve" 
:2576696:17148005:178257744:744:"convolve" "forward_convolve" 
:2589950:20585278:180230456:708:"rbind" 
:2568113:14935386:176971872:579:"fft" "fft" "convolve" "forward_convolve" 
:2581568:18401914:178970232:719:"formals" "match.arg" "convolve" "forward_convolve" 
:2593809:21527987:180787600:656:"fft" "fft" "convolve" "forward_convolve" 
:2571231:15826491:177451176:564:"fft" "convolve" "forward_convolve" 
:2584994:19391902:179495120:735:"forward_convolve" 
:2564171:13877388:176367688:617:"Conj" "fft" "convolve" "forward_convolve" 
:2576485:17140076:178219328:665:"fft" "fft" "convolve" "forward_convolve" 
:2589116:20395903:180097288:672:"fft" "convolve" "forward_convolve" 
:2567046:14729309:176813896:576:"convolve" "forward_convolve" 
:2580523:18262547:178827320:721:"fft" "fft" "convolve" "forward_convolve" 
:2594144:21528190:180824728:761:"fft" "convolve" "forward_convolve" 
:2572695:16036121:177604448:626:"fft" "convolve" "forward_convolve" 
:2583688:18842501:179238528:593:"fft" "fft" "convolve" "forward_convolve" 
:2561756:13420287:176016848:597:"convolve" "forward_convolve" 
:2573923:16561820:177817080:649:"fft" "convolve" "forward_convolve" 
:2583282:19020379:179223856:502:"fft" "convolve" "forward_convolve" 
:2592730:21527297:180639816:510:"forward_convolve" 
:2571486:15868174:177443056:560:"fft" "fft" "convolve" "forward_convolve" 
:2585166:19446029:179487168:734:"forward_convolve" 
:2564082:14098926:176368640:596:"fft" "fft" "convolve" "forward_convolve" 
:2577992:17699486:178437504:745:"fft" "convolve" "forward_convolve" 
:2590998:21050897:180370512:694:"fft" "fft" "convolve" "forward_convolve" 
:2566334:14075790:176735328:420:"fft" "fft" "convolve" "forward_convolve" 
:2579894:17596965:178749368:726:"forward_convolve" 
:2594723:21099691:180919984:829:"rbind" 
:2570027:14988027:177271640:615:"fft" "fft" "convolve" "forward_convolve" 
:2583728:18558920:179319336:736:"convolve" "forward_convolve" 
:2595136:14194735:181016192:606:"fft" "fft" "convolve" "forward_convolve" 
:2574191:16190102:177904776:743:"fft" "convolve" "forward_convolve" 
:2588252:19840340:179998784:754:"is.numeric" "convolve" "forward_convolve" 
:2564928:13887236:176539160:603:"fft" "fft" "convolve" "forward_convolve" 
:2577351:17102832:178383072:660:"fft" "fft" "convolve" "forward_convolve" 
:2588927:20080735:180105408:620:"fft" "fft" "convolve" "forward_convolve" 
:2565977:13827516:176638504:625:"fft" "convolve" "forward_convolve" 
:2580145:17319486:178715824:753:"fft" "fft" "convolve" "forward_convolve" 
:2592828:20559136:180593168:678:"rbind" 
:2566888:14369067:176814624:552:"convolve" "forward_convolve" 
:2580907:17736696:178867528:781:"rbind" 
:2594442:21119593:180865328:724:"rowSums" 
:2569365:14997590:177163112:573:"fft" "convolve" "forward_convolve" 
:2583119:18587029:179214168:736:"fft" "fft" "convolve" "forward_convolve" 
:2594104:21527925:180870648:591:"Re" "convolve" "forward_convolve" 
:2570272:15260267:177295048:524:"forward_convolve" 
:2583778:18798526:179314464:725:"forward_convolve" 
:2561551:13084658:176011808:622:"fft" "fft" "convolve" "forward_convolve" 
:2575439:16700075:178082016:743:"convolve" "forward_convolve" 
:2589489:20363315:180172832:751:"rbind" 
:2567021:14568420:176830752:588:"forward_convolve" 
:2580937:18174516:178903704:741:"fft" "fft" "convolve" "forward_convolve" 
:2593978:21507605:180836040:697:"rbind" 
:2572077:15843831:177572752:619:"convolve" "forward_convolve" 
:2582148:18483083:179069520:535:"forward_convolve" 
:2595244:21526292:180982368:737:"convolve" "forward_convolve" 
:2572354:15815420:177586696:626:"fft" "fft" "convolve" "forward_convolve" 
:2582224:18355187:179046000:522:"fft" "fft" "convolve" "forward_convolve" 
:2591583:20838822:180453056:503:"fft" "fft" "convolve" "forward_convolve" 
:2568978:15071110:177095240:596:"fft" "fft" "convolve" "forward_convolve" 
:2582166:18534554:179071144:709:"fft" "fft" "convolve" "forward_convolve" 
:2593645:21527789:180781104:612:"fft" "fft" "convolve" "forward_convolve" 
:2573080:16133829:177698192:661:"fft" "convolve" "forward_convolve" 
:2585299:19352765:179533592:660:"forward_convolve" 
:2593753:21528582:180790680:451:"forward_convolve" 
:2571752:15634119:177493232:626:"fft" "fft" "convolve" "forward_convolve" 
:2585971:19127130:179575088:755:"Conj" "fft" "convolve" "forward_convolve" 
:2562608:13454866:176126944:599:"fft" "fft" "convolve" "forward_convolve" 
:2576492:17077452:178204768:746:"fft" "fft" "convolve" "forward_convolve" 
:2591275:20640989:180382104:832:"fft" "fft" "convolve" "forward_convolve" 
:2567742:14835822:176904112:555:"fft" "fft" "convolve" "forward_convolve" 
:2581808:18490515:178999240:754:"convolve" "forward_convolve" 
:2593740:21528720:180761560:636:"fft" "convolve" "forward_convolve" 
:2570321:15632443:177301600:509:"forward_convolve" 
:2582582:18780016:179117344:654:"rbind" 
:2561442:13347361:175967456:586:"fft" "convolve" "forward_convolve" 
:2575344:16957478:178034472:741:"forward_convolve" 
:2589397:20582183:180128200:752:"fft" "fft" "convolve" "forward_convolve" 
:2567783:14992517:176905848:570:"fft" "convolve" "forward_convolve" 
:2580346:18343520:178803128:678:"fft" "convolve" "forward_convolve" 
:2592808:21529010:180644520:663:"convolve" "forward_convolve" 
:2572264:16170093:177572360:608:"fft" "convolve" "forward_convolve" 
:2584591:19459380:179427808:660:"convolve" "forward_convolve" 
:2560881:12668567:175916160:466:"forward_convolve" 
:2571554:15430748:177502472:566:"fft" "fft" "convolve" "forward_convolve" 
:2584447:18774730:179424168:693:"fft" "convolve" "forward_convolve" 
:2560826:12716247:175921760:589:"fft" "fft" "convolve" "forward_convolve" 
:2573570:16002854:177811872:680:"fft" "fft" "convolve" "forward_convolve" 
:2586611:19379525:179750536:699:"fft" "fft" "convolve" "forward_convolve" 
:2563246:13457666:176293712:599:"forward_convolve" 
:2577129:17052177:178361344:744:"rbind" 
:2591313:20716534:180474168:760:"fft" "convolve" "forward_convolve" 
:2568896:14548620:177055368:663:"fft" "fft" "convolve" "forward_convolve" 
:2581719:17743217:178942064:684:"fft" "convolve" "forward_convolve" 
:2595589:21346727:181009864:742:"fft" "fft" "convolve" "forward_convolve" 
:2569474:15042749:177195312:522:"fft" "convolve" "forward_convolve" 
:2578906:17562944:178614016:506:"fft" "convolve" "forward_convolve" 
:2590298:20470611:180299504:610:"convolve" "forward_convolve" 
:2567020:14452153:176827392:560:"rbind" 
:2580571:17949295:178841040:725:"rbind" 
:2594391:21527607:180901784:739:"fft" "fft" "convolve" "forward_convolve" 
:2572266:15863771:177615088:637:"forward_convolve" 
:2584940:19231936:179519704:677:"fft" "convolve" "forward_convolve" 
:2593956:18453207:180857656:485:"Re" "convolve" "forward_convolve" 
:2572419:15916082:177636984:638:"sys.function" "formals" "match.arg" "convolve" "forward_convolve" 
:2584215:18945714:179384408:631:"rbind" 
:2561246:13012097:175960624:650:"fft" "convolve" "forward_convolve" 
:2575431:16534498:178051216:759:"fft" "convolve" "forward_convolve" 
:2589053:20111981:180084576:727:"rbind" 
:2566590:14432003:176752968:625:"fft" "fft" "convolve" "forward_convolve" 
:2580743:18117844:178859856:757:"fft" "convolve" "forward_convolve" 
:2593830:21528552:180816160:703:"convolve" "forward_convolve" 
:2570918:15615522:177406208:553:"fft" "fft" "convolve" "forward_convolve" 
:2584067:19028102:179359936:702:"fft" "fft" "convolve" "forward_convolve" 
:2562177:13395057:176099392:597:"fft" "convolve" "forward_convolve" 
:2575997:16996216:178163720:736:"forward_convolve" 
:2590142:20673529:180272288:758:"eval" "match.arg" "convolve" "forward_convolve" 
:2568550:15026811:177041928:607:"convolve" "forward_convolve" 
:2580968:18306436:178901744:667:"fft" "convolve" "forward_convolve" 
:2593284:21528576:180742296:658:"fft" "convolve" "forward_convolve" 
:2573323:16276571:177746688:675:"convolve" "forward_convolve" 
:2587384:19926850:179842656:753:"fft" "fft" "convolve" "forward_convolve" 
:2564436:14068304:176433544:526:"fft" "fft" "convolve" "forward_convolve" 
:2577755:17502586:178413368:712:"convolve" "forward_convolve" 
:2591900:21189405:180519752:757:"fft" "convolve" "forward_convolve" 
:2571581:15619300:177460360:682:"convolve" "forward_convolve" 
:2586224:19220926:179605384:779:"fft" "convolve" "forward_convolve" 
:2563426:13907900:176290240:620:"rbind" 
:2576996:17403557:178305008:725:"forward_convolve" 
:2590937:21007117:180381488:746:"fft" "fft" "convolve" "forward_convolve" 
:2570639:15553139:177333576:661:"fft" "fft" "convolve" "forward_convolve" 
:2585295:18988477:179451776:779:"convolve" "forward_convolve" 
:2595036:21526375:180905928:521:"fft" "fft" "convolve" "forward_convolve" 
:2572581:16195839:177621248:628:"sys.frame" "eval" "match.arg" "convolve" "forward_convolve" 
:2586699:19880677:179723656:754:"forward_convolve" 
:2565514:14503009:176591968:586:"rbind" 
:2579786:18210473:178716720:763:"forward_convolve" 
:2592694:21529269:180632816:690:"forward_convolve" 
:2573315:16483376:177743944:667:"fft" "fft" "convolve" "forward_convolve" 
:2587218:20117483:179819136:746:"convolve" "forward_convolve" 
:2566095:14055639:176690696:592:"fft" "fft" "convolve" "forward_convolve" 
:2580348:17374456:178755864:792:"fft" "convolve" "forward_convolve" 
:2593161:20609117:180650008:685:"rbind" 
:2568439:14706501:177042040:622:"fft" "fft" "convolve" "forward_convolve" 
:2582246:18328650:179107880:741:"fft" "fft" "convolve" "forward_convolve" 
:2594622:21526183:180947368:659:"fft" "fft" "convolve" "forward_convolve" 
:2573586:16085889:177806776:708:"fft" "fft" "convolve" "forward_convolve" 
:2587360:19672356:179857720:738:"rbind" 
:2564539:13852337:176476440:612:"forward_convolve" 
:2577051:17059495:178336928:666:"fft" "fft" "convolve" "forward_convolve" 
:2589673:20321012:180212536:676:"convolve" "forward_convolve" 
:2565692:14048858:176621648:517:"forward_convolve" 
:2579025:17518642:178603656:712:"fft" "convolve" "forward_convolve" 
:2591332:20667523:180457872:699:"fft" "fft" "convolve" "forward_convolve" 
:2568497:14670407:177013424:638:"fft" "convolve" "forward_convolve" 
:2582325:18232713:179072600:744:"rbind" 
:2595215:21527166:180982760:686:"convolve" "forward_convolve" 
:2573405:16114600:177765224:689:"fft" "fft" "convolve" "forward_convolve" 
:2587198:19709585:179817288:738:"forward_convolve" 
:2564709:13977606:176496712:602:"fft" "convolve" "forward_convolve" 
:2578792:17635834:178594192:752:"fft" "convolve" "forward_convolve" 
:2592033:20631538:180508720:743:"fft" "convolve" "forward_convolve" 
:2567792:14652226:176913464:576:"fft" "fft" "convolve" "forward_convolve" 
:2581745:18277862:178993920:749:"match.arg" "convolve" "forward_convolve" 
:2593937:21528523:180823216:650:"forward_convolve" 
:2573500:16183258:177767240:689:"fft" "fft" "convolve" "forward_convolve" 
:2587471:19819278:179850608:748:"sys.function" "formals" "match.arg" "convolve" "forward_convolve" 
:2564823:13894319:176449784:640:"fft" "fft" "convolve" "forward_convolve" 
:2579305:17453340:178577896:776:"fft" "fft" "convolve" "forward_convolve" 
:2593283:21082976:180662440:750:"convolve" "forward_convolve" 
:2569906:15388790:177239888:582:"fft" "convolve" "forward_convolve" 
:2582248:18576055:179071928:661:"fft" "convolve" "forward_convolve" 
:2560961:13074251:175898408:605:"fft" "convolve" "forward_convolve" 
:2575106:16750063:178004680:756:"fft" "fft" "convolve" "forward_convolve" 
:2589656:20536842:180174624:778:"Conj" "fft" "convolve" "forward_convolve" 
:2568240:14979869:176976408:617:"forward_convolve" 
:2582506:18610765:179122888:807:"forward_convolve" 
:2560836:13060051:175870520:665:"fft" "fft" "convolve" "forward_convolve" 
:2575107:16690832:177985080:762:"fft" "fft" "convolve" "forward_convolve" 
:2590523:20360660:180236448:858:"convolve" "forward_convolve" 
:2567122:14669015:176797824:574:"fft" "fft" "convolve" "forward_convolve" 
:2579933:17941811:178693592:685:"fft" "convolve" "forward_convolve" 
:2593757:21527728:180752712:740:"fft" "fft" "convolve" "forward_convolve" 
:2572401:16140594:177590112:617:"fft" "convolve" "forward_convolve" 
:2585530:19610559:179562936:706:"fft" "fft" "convolve" "forward_convolve" 
:2565241:14242148:176505896:620:"forward_convolve" 
:2578197:17593106:178435992:695:"fft" "convolve" "forward_convolve" 
:2588883:20460141:180047728:573:"rbind" 
:2612942:20679750:184243416:1845:"names" "str.default" "str" "doTryCatch" "tryCatchOne" "tryCatchList" "tryCatch" "try" "eval" "eval" "withVisible" "evalVis" "capture.output" "eval" "doTryCatch" "tryCatchOne" "tryCatchList" "tryCatch" ".rs.withTimeLimit" ".rs.valueFromStr" "doTryCatch" "tryCatchOne" "tryCatchList" "tryCatch" ".rs.valueAsString" "<Anonymous>" 
